[2025-11-30 13:31:42] local.ERROR: file_put_contents(C:\Users\ancel\Documents\MeusProjetos\Devventure---TCC\Devventure-TCC\Devventure-TCC\storage\framework/sessions/NLuayOMCFiWCdkrKgqoRgLJlHI6vA1Whel7xy0W0): Failed to open stream: No such file or directory {"exception":"[object] (ErrorException(code: 0): file_put_contents(C:\\Users\\ancel\\Documents\\MeusProjetos\\Devventure---TCC\\Devventure-TCC\\Devventure-TCC\\storage\\framework/sessions/NLuayOMCFiWCdkrKgqoRgLJlHI6vA1Whel7xy0W0): Failed to open stream: No such file or directory at C:\\Users\\ancel\\Documents\\MeusProjetos\\Devventure---TCC\\Devventure-TCC\\Devventure-TCC\\vendor\\laravel\\framework\\src\\Illuminate\\Filesystem\\Filesystem.php:190)
[stacktrace]
#0 C:\\Users\\ancel\\Documents\\MeusProjetos\\Devventure---TCC\\Devventure-TCC\\Devventure-TCC\\vendor\\laravel\\framework\\src\\Illuminate\\Foundation\\Bootstrap\\HandleExceptions.php(270): Illuminate\\Foundation\\Bootstrap\\HandleExceptions->handleError(2, 'file_put_conten...', 'C:\\\\Users\\\\ancel\\\\...', 190)
#1 [internal function]: Illuminate\\Foundation\\Bootstrap\\HandleExceptions->Illuminate\\Foundation\\Bootstrap\\{closure}(2, 'file_put_conten...', 'C:\\\\Users\\\\ancel\\\\...', 190)
#2 C:\\Users\\ancel\\Documents\\MeusProjetos\\Devventure---TCC\\Devventure-TCC\\Devventure-TCC\\vendor\\laravel\\framework\\src\\Illuminate\\Filesystem\\Filesystem.php(190): file_put_contents('C:\\\\Users\\\\ancel\\\\...', 'a:4:{s:6:\"_toke...', 2)
#3 C:\\Users\\ancel\\Documents\\MeusProjetos\\Devventure---TCC\\Devventure-TCC\\Devventure-TCC\\vendor\\laravel\\framework\\src\\Illuminate\\Session\\FileSessionHandler.php(90): Illuminate\\Filesystem\\Filesystem->put('C:\\\\Users\\\\ancel\\\\...', 'a:4:{s:6:\"_toke...', true)
#4 C:\\Users\\ancel\\Documents\\MeusProjetos\\Devventure---TCC\\Devventure-TCC\\Devventure-TCC\\vendor\\laravel\\framework\\src\\Illuminate\\Session\\Store.php(172): Illuminate\\Session\\FileSessionHandler->write('NLuayOMCFiWCdkr...', 'a:4:{s:6:\"_toke...')
#5 C:\\Users\\ancel\\Documents\\MeusProjetos\\Devventure---TCC\\Devventure-TCC\\Devventure-TCC\\vendor\\laravel\\framework\\src\\Illuminate\\Session\\Middleware\\StartSession.php(238): Illuminate\\Session\\Store->save()
#6 C:\\Users\\ancel\\Documents\\MeusProjetos\\Devventure---TCC\\Devventure-TCC\\Devventure-TCC\\vendor\\laravel\\framework\\src\\Illuminate\\Session\\Middleware\\StartSession.php(130): Illuminate\\Session\\Middleware\\StartSession->saveSession(Object(Illuminate\\Http\\Request))
#7 C:\\Users\\ancel\\Documents\\MeusProjetos\\Devventure---TCC\\Devventure-TCC\\Devventure-TCC\\vendor\\laravel\\framework\\src\\Illuminate\\Session\\Middleware\\StartSession.php(64): Illuminate\\Session\\Middleware\\StartSession->handleStatefulRequest(Object(Illuminate\\Http\\Request), Object(Illuminate\\Session\\Store), Object(Closure))
#8 C:\\Users\\ancel\\Documents\\MeusProjetos\\Devventure---TCC\\Devventure-TCC\\Devventure-TCC\\vendor\\laravel\\framework\\src\\Illuminate\\Pipeline\\Pipeline.php(180): Illuminate\\Session\\Middleware\\StartSession->handle(Object(Illuminate\\Http\\Request), Object(Closure))
#9 C:\\Users\\ancel\\Documents\\MeusProjetos\\Devventure---TCC\\Devventure-TCC\\Devventure-TCC\\vendor\\laravel\\framework\\src\\Illuminate\\Cookie\\Middleware\\AddQueuedCookiesToResponse.php(37): Illuminate\\Pipeline\\Pipeline->Illuminate\\Pipeline\\{closure}(Object(Illuminate\\Http\\Request))
#10 C:\\Users\\ancel\\Documents\\MeusProjetos\\Devventure---TCC\\Devventure-TCC\\Devventure-TCC\\vendor\\laravel\\framework\\src\\Illuminate\\Pipeline\\Pipeline.php(180): Illuminate\\Cookie\\Middleware\\AddQueuedCookiesToResponse->handle(Object(Illuminate\\Http\\Request), Object(Closure))
#11 C:\\Users\\ancel\\Documents\\MeusProjetos\\Devventure---TCC\\Devventure-TCC\\Devventure-TCC\\vendor\\laravel\\framework\\src\\Illuminate\\Cookie\\Middleware\\EncryptCookies.php(67): Illuminate\\Pipeline\\Pipeline->Illuminate\\Pipeline\\{closure}(Object(Illuminate\\Http\\Request))
#12 C:\\Users\\ancel\\Documents\\MeusProjetos\\Devventure---TCC\\Devventure-TCC\\Devventure-TCC\\vendor\\laravel\\framework\\src\\Illuminate\\Pipeline\\Pipeline.php(180): Illuminate\\Cookie\\Middleware\\EncryptCookies->handle(Object(Illuminate\\Http\\Request), Object(Closure))
#13 C:\\Users\\ancel\\Documents\\MeusProjetos\\Devventure---TCC\\Devventure-TCC\\Devventure-TCC\\vendor\\laravel\\framework\\src\\Illuminate\\Pipeline\\Pipeline.php(116): Illuminate\\Pipeline\\Pipeline->Illuminate\\Pipeline\\{closure}(Object(Illuminate\\Http\\Request))
#14 C:\\Users\\ancel\\Documents\\MeusProjetos\\Devventure---TCC\\Devventure-TCC\\Devventure-TCC\\vendor\\laravel\\framework\\src\\Illuminate\\Routing\\Router.php(797): Illuminate\\Pipeline\\Pipeline->then(Object(Closure))
#15 C:\\Users\\ancel\\Documents\\MeusProjetos\\Devventure---TCC\\Devventure-TCC\\Devventure-TCC\\vendor\\laravel\\framework\\src\\Illuminate\\Routing\\Router.php(776): Illuminate\\Routing\\Router->runRouteWithinStack(Object(Illuminate\\Routing\\Route), Object(Illuminate\\Http\\Request))
#16 C:\\Users\\ancel\\Documents\\MeusProjetos\\Devventure---TCC\\Devventure-TCC\\Devventure-TCC\\vendor\\laravel\\framework\\src\\Illuminate\\Routing\\Router.php(740): Illuminate\\Routing\\Router->runRoute(Object(Illuminate\\Http\\Request), Object(Illuminate\\Routing\\Route))
#17 C:\\Users\\ancel\\Documents\\MeusProjetos\\Devventure---TCC\\Devventure-TCC\\Devventure-TCC\\vendor\\laravel\\framework\\src\\Illuminate\\Routing\\Router.php(729): Illuminate\\Routing\\Router->dispatchToRoute(Object(Illuminate\\Http\\Request))
#18 C:\\Users\\ancel\\Documents\\MeusProjetos\\Devventure---TCC\\Devventure-TCC\\Devventure-TCC\\vendor\\laravel\\framework\\src\\Illuminate\\Foundation\\Http\\Kernel.php(190): Illuminate\\Routing\\Router->dispatch(Object(Illuminate\\Http\\Request))
#19 C:\\Users\\ancel\\Documents\\MeusProjetos\\Devventure---TCC\\Devventure-TCC\\Devventure-TCC\\vendor\\laravel\\framework\\src\\Illuminate\\Pipeline\\Pipeline.php(141): Illuminate\\Foundation\\Http\\Kernel->Illuminate\\Foundation\\Http\\{closure}(Object(Illuminate\\Http\\Request))
#20 C:\\Users\\ancel\\Documents\\MeusProjetos\\Devventure---TCC\\Devventure-TCC\\Devventure-TCC\\vendor\\laravel\\framework\\src\\Illuminate\\Foundation\\Http\\Middleware\\TransformsRequest.php(21): Illuminate\\Pipeline\\Pipeline->Illuminate\\Pipeline\\{closure}(Object(Illuminate\\Http\\Request))
#21 C:\\Users\\ancel\\Documents\\MeusProjetos\\Devventure---TCC\\Devventure-TCC\\Devventure-TCC\\vendor\\laravel\\framework\\src\\Illuminate\\Foundation\\Http\\Middleware\\ConvertEmptyStringsToNull.php(31): Illuminate\\Foundation\\Http\\Middleware\\TransformsRequest->handle(Object(Illuminate\\Http\\Request), Object(Closure))
#22 C:\\Users\\ancel\\Documents\\MeusProjetos\\Devventure---TCC\\Devventure-TCC\\Devventure-TCC\\vendor\\laravel\\framework\\src\\Illuminate\\Pipeline\\Pipeline.php(180): Illuminate\\Foundation\\Http\\Middleware\\ConvertEmptyStringsToNull->handle(Object(Illuminate\\Http\\Request), Object(Closure))
#23 C:\\Users\\ancel\\Documents\\MeusProjetos\\Devventure---TCC\\Devventure-TCC\\Devventure-TCC\\vendor\\laravel\\framework\\src\\Illuminate\\Foundation\\Http\\Middleware\\TransformsRequest.php(21): Illuminate\\Pipeline\\Pipeline->Illuminate\\Pipeline\\{closure}(Object(Illuminate\\Http\\Request))
#24 C:\\Users\\ancel\\Documents\\MeusProjetos\\Devventure---TCC\\Devventure-TCC\\Devventure-TCC\\vendor\\laravel\\framework\\src\\Illuminate\\Foundation\\Http\\Middleware\\TrimStrings.php(40): Illuminate\\Foundation\\Http\\Middleware\\TransformsRequest->handle(Object(Illuminate\\Http\\Request), Object(Closure))
#25 C:\\Users\\ancel\\Documents\\MeusProjetos\\Devventure---TCC\\Devventure-TCC\\Devventure-TCC\\vendor\\laravel\\framework\\src\\Illuminate\\Pipeline\\Pipeline.php(180): Illuminate\\Foundation\\Http\\Middleware\\TrimStrings->handle(Object(Illuminate\\Http\\Request), Object(Closure))
#26 C:\\Users\\ancel\\Documents\\MeusProjetos\\Devventure---TCC\\Devventure-TCC\\Devventure-TCC\\vendor\\laravel\\framework\\src\\Illuminate\\Foundation\\Http\\Middleware\\ValidatePostSize.php(27): Illuminate\\Pipeline\\Pipeline->Illuminate\\Pipeline\\{closure}(Object(Illuminate\\Http\\Request))
#27 C:\\Users\\ancel\\Documents\\MeusProjetos\\Devventure---TCC\\Devventure-TCC\\Devventure-TCC\\vendor\\laravel\\framework\\src\\Illuminate\\Pipeline\\Pipeline.php(180): Illuminate\\Foundation\\Http\\Middleware\\ValidatePostSize->handle(Object(Illuminate\\Http\\Request), Object(Closure))
#28 C:\\Users\\ancel\\Documents\\MeusProjetos\\Devventure---TCC\\Devventure-TCC\\Devventure-TCC\\vendor\\laravel\\framework\\src\\Illuminate\\Foundation\\Http\\Middleware\\PreventRequestsDuringMaintenance.php(86): Illuminate\\Pipeline\\Pipeline->Illuminate\\Pipeline\\{closure}(Object(Illuminate\\Http\\Request))
#29 C:\\Users\\ancel\\Documents\\MeusProjetos\\Devventure---TCC\\Devventure-TCC\\Devventure-TCC\\vendor\\laravel\\framework\\src\\Illuminate\\Pipeline\\Pipeline.php(180): Illuminate\\Foundation\\Http\\Middleware\\PreventRequestsDuringMaintenance->handle(Object(Illuminate\\Http\\Request), Object(Closure))
#30 C:\\Users\\ancel\\Documents\\MeusProjetos\\Devventure---TCC\\Devventure-TCC\\Devventure-TCC\\vendor\\laravel\\framework\\src\\Illuminate\\Http\\Middleware\\HandleCors.php(49): Illuminate\\Pipeline\\Pipeline->Illuminate\\Pipeline\\{closure}(Object(Illuminate\\Http\\Request))
#31 C:\\Users\\ancel\\Documents\\MeusProjetos\\Devventure---TCC\\Devventure-TCC\\Devventure-TCC\\vendor\\laravel\\framework\\src\\Illuminate\\Pipeline\\Pipeline.php(180): Illuminate\\Http\\Middleware\\HandleCors->handle(Object(Illuminate\\Http\\Request), Object(Closure))
#32 C:\\Users\\ancel\\Documents\\MeusProjetos\\Devventure---TCC\\Devventure-TCC\\Devventure-TCC\\vendor\\laravel\\framework\\src\\Illuminate\\Http\\Middleware\\TrustProxies.php(39): Illuminate\\Pipeline\\Pipeline->Illuminate\\Pipeline\\{closure}(Object(Illuminate\\Http\\Request))
#33 C:\\Users\\ancel\\Documents\\MeusProjetos\\Devventure---TCC\\Devventure-TCC\\Devventure-TCC\\vendor\\laravel\\framework\\src\\Illuminate\\Pipeline\\Pipeline.php(180): Illuminate\\Http\\Middleware\\TrustProxies->handle(Object(Illuminate\\Http\\Request), Object(Closure))
#34 C:\\Users\\ancel\\Documents\\MeusProjetos\\Devventure---TCC\\Devventure-TCC\\Devventure-TCC\\vendor\\laravel\\framework\\src\\Illuminate\\Pipeline\\Pipeline.php(116): Illuminate\\Pipeline\\Pipeline->Illuminate\\Pipeline\\{closure}(Object(Illuminate\\Http\\Request))
#35 C:\\Users\\ancel\\Documents\\MeusProjetos\\Devventure---TCC\\Devventure-TCC\\Devventure-TCC\\vendor\\laravel\\framework\\src\\Illuminate\\Foundation\\Http\\Kernel.php(165): Illuminate\\Pipeline\\Pipeline->then(Object(Closure))
#36 C:\\Users\\ancel\\Documents\\MeusProjetos\\Devventure---TCC\\Devventure-TCC\\Devventure-TCC\\vendor\\laravel\\framework\\src\\Illuminate\\Foundation\\Http\\Kernel.php(134): Illuminate\\Foundation\\Http\\Kernel->sendRequestThroughRouter(Object(Illuminate\\Http\\Request))
#37 C:\\Users\\ancel\\Documents\\MeusProjetos\\Devventure---TCC\\Devventure-TCC\\Devventure-TCC\\public\\index.php(51): Illuminate\\Foundation\\Http\\Kernel->handle(Object(Illuminate\\Http\\Request))
#38 C:\\Users\\ancel\\Documents\\MeusProjetos\\Devventure---TCC\\Devventure-TCC\\Devventure-TCC\\vendor\\laravel\\framework\\src\\Illuminate\\Foundation\\resources\\server.php(16): require_once('C:\\\\Users\\\\ancel\\\\...')
#39 {main}
"} 
[2025-11-30 13:34:25] local.ERROR: file_put_contents(C:\Users\ancel\Documents\MeusProjetos\Devventure---TCC\Devventure-TCC\Devventure-TCC\storage\framework/sessions/NLuayOMCFiWCdkrKgqoRgLJlHI6vA1Whel7xy0W0): Failed to open stream: No such file or directory {"exception":"[object] (ErrorException(code: 0): file_put_contents(C:\\Users\\ancel\\Documents\\MeusProjetos\\Devventure---TCC\\Devventure-TCC\\Devventure-TCC\\storage\\framework/sessions/NLuayOMCFiWCdkrKgqoRgLJlHI6vA1Whel7xy0W0): Failed to open stream: No such file or directory at C:\\Users\\ancel\\Documents\\MeusProjetos\\Devventure---TCC\\Devventure-TCC\\Devventure-TCC\\vendor\\laravel\\framework\\src\\Illuminate\\Filesystem\\Filesystem.php:190)
[stacktrace]
#0 C:\\Users\\ancel\\Documents\\MeusProjetos\\Devventure---TCC\\Devventure-TCC\\Devventure-TCC\\vendor\\laravel\\framework\\src\\Illuminate\\Foundation\\Bootstrap\\HandleExceptions.php(270): Illuminate\\Foundation\\Bootstrap\\HandleExceptions->handleError(2, 'file_put_conten...', 'C:\\\\Users\\\\ancel\\\\...', 190)
#1 [internal function]: Illuminate\\Foundation\\Bootstrap\\HandleExceptions->Illuminate\\Foundation\\Bootstrap\\{closure}(2, 'file_put_conten...', 'C:\\\\Users\\\\ancel\\\\...', 190)
#2 C:\\Users\\ancel\\Documents\\MeusProjetos\\Devventure---TCC\\Devventure-TCC\\Devventure-TCC\\vendor\\laravel\\framework\\src\\Illuminate\\Filesystem\\Filesystem.php(190): file_put_contents('C:\\\\Users\\\\ancel\\\\...', 'a:4:{s:6:\"_toke...', 2)
#3 C:\\Users\\ancel\\Documents\\MeusProjetos\\Devventure---TCC\\Devventure-TCC\\Devventure-TCC\\vendor\\laravel\\framework\\src\\Illuminate\\Session\\FileSessionHandler.php(90): Illuminate\\Filesystem\\Filesystem->put('C:\\\\Users\\\\ancel\\\\...', 'a:4:{s:6:\"_toke...', true)
#4 C:\\Users\\ancel\\Documents\\MeusProjetos\\Devventure---TCC\\Devventure-TCC\\Devventure-TCC\\vendor\\laravel\\framework\\src\\Illuminate\\Session\\Store.php(172): Illuminate\\Session\\FileSessionHandler->write('NLuayOMCFiWCdkr...', 'a:4:{s:6:\"_toke...')
#5 C:\\Users\\ancel\\Documents\\MeusProjetos\\Devventure---TCC\\Devventure-TCC\\Devventure-TCC\\vendor\\laravel\\framework\\src\\Illuminate\\Session\\Middleware\\StartSession.php(238): Illuminate\\Session\\Store->save()
#6 C:\\Users\\ancel\\Documents\\MeusProjetos\\Devventure---TCC\\Devventure-TCC\\Devventure-TCC\\vendor\\laravel\\framework\\src\\Illuminate\\Session\\Middleware\\StartSession.php(130): Illuminate\\Session\\Middleware\\StartSession->saveSession(Object(Illuminate\\Http\\Request))
#7 C:\\Users\\ancel\\Documents\\MeusProjetos\\Devventure---TCC\\Devventure-TCC\\Devventure-TCC\\vendor\\laravel\\framework\\src\\Illuminate\\Session\\Middleware\\StartSession.php(64): Illuminate\\Session\\Middleware\\StartSession->handleStatefulRequest(Object(Illuminate\\Http\\Request), Object(Illuminate\\Session\\Store), Object(Closure))
#8 C:\\Users\\ancel\\Documents\\MeusProjetos\\Devventure---TCC\\Devventure-TCC\\Devventure-TCC\\vendor\\laravel\\framework\\src\\Illuminate\\Pipeline\\Pipeline.php(180): Illuminate\\Session\\Middleware\\StartSession->handle(Object(Illuminate\\Http\\Request), Object(Closure))
#9 C:\\Users\\ancel\\Documents\\MeusProjetos\\Devventure---TCC\\Devventure-TCC\\Devventure-TCC\\vendor\\laravel\\framework\\src\\Illuminate\\Cookie\\Middleware\\AddQueuedCookiesToResponse.php(37): Illuminate\\Pipeline\\Pipeline->Illuminate\\Pipeline\\{closure}(Object(Illuminate\\Http\\Request))
#10 C:\\Users\\ancel\\Documents\\MeusProjetos\\Devventure---TCC\\Devventure-TCC\\Devventure-TCC\\vendor\\laravel\\framework\\src\\Illuminate\\Pipeline\\Pipeline.php(180): Illuminate\\Cookie\\Middleware\\AddQueuedCookiesToResponse->handle(Object(Illuminate\\Http\\Request), Object(Closure))
#11 C:\\Users\\ancel\\Documents\\MeusProjetos\\Devventure---TCC\\Devventure-TCC\\Devventure-TCC\\vendor\\laravel\\framework\\src\\Illuminate\\Cookie\\Middleware\\EncryptCookies.php(67): Illuminate\\Pipeline\\Pipeline->Illuminate\\Pipeline\\{closure}(Object(Illuminate\\Http\\Request))
#12 C:\\Users\\ancel\\Documents\\MeusProjetos\\Devventure---TCC\\Devventure-TCC\\Devventure-TCC\\vendor\\laravel\\framework\\src\\Illuminate\\Pipeline\\Pipeline.php(180): Illuminate\\Cookie\\Middleware\\EncryptCookies->handle(Object(Illuminate\\Http\\Request), Object(Closure))
#13 C:\\Users\\ancel\\Documents\\MeusProjetos\\Devventure---TCC\\Devventure-TCC\\Devventure-TCC\\vendor\\laravel\\framework\\src\\Illuminate\\Pipeline\\Pipeline.php(116): Illuminate\\Pipeline\\Pipeline->Illuminate\\Pipeline\\{closure}(Object(Illuminate\\Http\\Request))
#14 C:\\Users\\ancel\\Documents\\MeusProjetos\\Devventure---TCC\\Devventure-TCC\\Devventure-TCC\\vendor\\laravel\\framework\\src\\Illuminate\\Routing\\Router.php(797): Illuminate\\Pipeline\\Pipeline->then(Object(Closure))
#15 C:\\Users\\ancel\\Documents\\MeusProjetos\\Devventure---TCC\\Devventure-TCC\\Devventure-TCC\\vendor\\laravel\\framework\\src\\Illuminate\\Routing\\Router.php(776): Illuminate\\Routing\\Router->runRouteWithinStack(Object(Illuminate\\Routing\\Route), Object(Illuminate\\Http\\Request))
#16 C:\\Users\\ancel\\Documents\\MeusProjetos\\Devventure---TCC\\Devventure-TCC\\Devventure-TCC\\vendor\\laravel\\framework\\src\\Illuminate\\Routing\\Router.php(740): Illuminate\\Routing\\Router->runRoute(Object(Illuminate\\Http\\Request), Object(Illuminate\\Routing\\Route))
#17 C:\\Users\\ancel\\Documents\\MeusProjetos\\Devventure---TCC\\Devventure-TCC\\Devventure-TCC\\vendor\\laravel\\framework\\src\\Illuminate\\Routing\\Router.php(729): Illuminate\\Routing\\Router->dispatchToRoute(Object(Illuminate\\Http\\Request))
#18 C:\\Users\\ancel\\Documents\\MeusProjetos\\Devventure---TCC\\Devventure-TCC\\Devventure-TCC\\vendor\\laravel\\framework\\src\\Illuminate\\Foundation\\Http\\Kernel.php(190): Illuminate\\Routing\\Router->dispatch(Object(Illuminate\\Http\\Request))
#19 C:\\Users\\ancel\\Documents\\MeusProjetos\\Devventure---TCC\\Devventure-TCC\\Devventure-TCC\\vendor\\laravel\\framework\\src\\Illuminate\\Pipeline\\Pipeline.php(141): Illuminate\\Foundation\\Http\\Kernel->Illuminate\\Foundation\\Http\\{closure}(Object(Illuminate\\Http\\Request))
#20 C:\\Users\\ancel\\Documents\\MeusProjetos\\Devventure---TCC\\Devventure-TCC\\Devventure-TCC\\vendor\\laravel\\framework\\src\\Illuminate\\Foundation\\Http\\Middleware\\TransformsRequest.php(21): Illuminate\\Pipeline\\Pipeline->Illuminate\\Pipeline\\{closure}(Object(Illuminate\\Http\\Request))
#21 C:\\Users\\ancel\\Documents\\MeusProjetos\\Devventure---TCC\\Devventure-TCC\\Devventure-TCC\\vendor\\laravel\\framework\\src\\Illuminate\\Foundation\\Http\\Middleware\\ConvertEmptyStringsToNull.php(31): Illuminate\\Foundation\\Http\\Middleware\\TransformsRequest->handle(Object(Illuminate\\Http\\Request), Object(Closure))
#22 C:\\Users\\ancel\\Documents\\MeusProjetos\\Devventure---TCC\\Devventure-TCC\\Devventure-TCC\\vendor\\laravel\\framework\\src\\Illuminate\\Pipeline\\Pipeline.php(180): Illuminate\\Foundation\\Http\\Middleware\\ConvertEmptyStringsToNull->handle(Object(Illuminate\\Http\\Request), Object(Closure))
#23 C:\\Users\\ancel\\Documents\\MeusProjetos\\Devventure---TCC\\Devventure-TCC\\Devventure-TCC\\vendor\\laravel\\framework\\src\\Illuminate\\Foundation\\Http\\Middleware\\TransformsRequest.php(21): Illuminate\\Pipeline\\Pipeline->Illuminate\\Pipeline\\{closure}(Object(Illuminate\\Http\\Request))
#24 C:\\Users\\ancel\\Documents\\MeusProjetos\\Devventure---TCC\\Devventure-TCC\\Devventure-TCC\\vendor\\laravel\\framework\\src\\Illuminate\\Foundation\\Http\\Middleware\\TrimStrings.php(40): Illuminate\\Foundation\\Http\\Middleware\\TransformsRequest->handle(Object(Illuminate\\Http\\Request), Object(Closure))
#25 C:\\Users\\ancel\\Documents\\MeusProjetos\\Devventure---TCC\\Devventure-TCC\\Devventure-TCC\\vendor\\laravel\\framework\\src\\Illuminate\\Pipeline\\Pipeline.php(180): Illuminate\\Foundation\\Http\\Middleware\\TrimStrings->handle(Object(Illuminate\\Http\\Request), Object(Closure))
#26 C:\\Users\\ancel\\Documents\\MeusProjetos\\Devventure---TCC\\Devventure-TCC\\Devventure-TCC\\vendor\\laravel\\framework\\src\\Illuminate\\Foundation\\Http\\Middleware\\ValidatePostSize.php(27): Illuminate\\Pipeline\\Pipeline->Illuminate\\Pipeline\\{closure}(Object(Illuminate\\Http\\Request))
#27 C:\\Users\\ancel\\Documents\\MeusProjetos\\Devventure---TCC\\Devventure-TCC\\Devventure-TCC\\vendor\\laravel\\framework\\src\\Illuminate\\Pipeline\\Pipeline.php(180): Illuminate\\Foundation\\Http\\Middleware\\ValidatePostSize->handle(Object(Illuminate\\Http\\Request), Object(Closure))
#28 C:\\Users\\ancel\\Documents\\MeusProjetos\\Devventure---TCC\\Devventure-TCC\\Devventure-TCC\\vendor\\laravel\\framework\\src\\Illuminate\\Foundation\\Http\\Middleware\\PreventRequestsDuringMaintenance.php(86): Illuminate\\Pipeline\\Pipeline->Illuminate\\Pipeline\\{closure}(Object(Illuminate\\Http\\Request))
#29 C:\\Users\\ancel\\Documents\\MeusProjetos\\Devventure---TCC\\Devventure-TCC\\Devventure-TCC\\vendor\\laravel\\framework\\src\\Illuminate\\Pipeline\\Pipeline.php(180): Illuminate\\Foundation\\Http\\Middleware\\PreventRequestsDuringMaintenance->handle(Object(Illuminate\\Http\\Request), Object(Closure))
#30 C:\\Users\\ancel\\Documents\\MeusProjetos\\Devventure---TCC\\Devventure-TCC\\Devventure-TCC\\vendor\\laravel\\framework\\src\\Illuminate\\Http\\Middleware\\HandleCors.php(49): Illuminate\\Pipeline\\Pipeline->Illuminate\\Pipeline\\{closure}(Object(Illuminate\\Http\\Request))
#31 C:\\Users\\ancel\\Documents\\MeusProjetos\\Devventure---TCC\\Devventure-TCC\\Devventure-TCC\\vendor\\laravel\\framework\\src\\Illuminate\\Pipeline\\Pipeline.php(180): Illuminate\\Http\\Middleware\\HandleCors->handle(Object(Illuminate\\Http\\Request), Object(Closure))
#32 C:\\Users\\ancel\\Documents\\MeusProjetos\\Devventure---TCC\\Devventure-TCC\\Devventure-TCC\\vendor\\laravel\\framework\\src\\Illuminate\\Http\\Middleware\\TrustProxies.php(39): Illuminate\\Pipeline\\Pipeline->Illuminate\\Pipeline\\{closure}(Object(Illuminate\\Http\\Request))
#33 C:\\Users\\ancel\\Documents\\MeusProjetos\\Devventure---TCC\\Devventure-TCC\\Devventure-TCC\\vendor\\laravel\\framework\\src\\Illuminate\\Pipeline\\Pipeline.php(180): Illuminate\\Http\\Middleware\\TrustProxies->handle(Object(Illuminate\\Http\\Request), Object(Closure))
#34 C:\\Users\\ancel\\Documents\\MeusProjetos\\Devventure---TCC\\Devventure-TCC\\Devventure-TCC\\vendor\\laravel\\framework\\src\\Illuminate\\Pipeline\\Pipeline.php(116): Illuminate\\Pipeline\\Pipeline->Illuminate\\Pipeline\\{closure}(Object(Illuminate\\Http\\Request))
#35 C:\\Users\\ancel\\Documents\\MeusProjetos\\Devventure---TCC\\Devventure-TCC\\Devventure-TCC\\vendor\\laravel\\framework\\src\\Illuminate\\Foundation\\Http\\Kernel.php(165): Illuminate\\Pipeline\\Pipeline->then(Object(Closure))
#36 C:\\Users\\ancel\\Documents\\MeusProjetos\\Devventure---TCC\\Devventure-TCC\\Devventure-TCC\\vendor\\laravel\\framework\\src\\Illuminate\\Foundation\\Http\\Kernel.php(134): Illuminate\\Foundation\\Http\\Kernel->sendRequestThroughRouter(Object(Illuminate\\Http\\Request))
#37 C:\\Users\\ancel\\Documents\\MeusProjetos\\Devventure---TCC\\Devventure-TCC\\Devventure-TCC\\public\\index.php(51): Illuminate\\Foundation\\Http\\Kernel->handle(Object(Illuminate\\Http\\Request))
#38 C:\\Users\\ancel\\Documents\\MeusProjetos\\Devventure---TCC\\Devventure-TCC\\Devventure-TCC\\vendor\\laravel\\framework\\src\\Illuminate\\Foundation\\resources\\server.php(16): require_once('C:\\\\Users\\\\ancel\\\\...')
#39 {main}
"} 
[2025-12-01 10:43:49] local.ERROR: SQLSTATE[HY000] [2002] Nenhuma conexão pôde ser feita porque a máquina de destino as recusou ativamente (SQL: select * from `depoimentos` where `aprovado` = 1 order by `created_at` desc) {"exception":"[object] (Illuminate\\Database\\QueryException(code: 2002): SQLSTATE[HY000] [2002] Nenhuma conexão pôde ser feita porque a máquina de destino as recusou ativamente (SQL: select * from `depoimentos` where `aprovado` = 1 order by `created_at` desc) at C:\\Users\\ancel\\Documents\\MeusProjetos\\Devventure---TCC\\Devventure-TCC\\Devventure-TCC\\vendor\\laravel\\framework\\src\\Illuminate\\Database\\Connection.php:760)
[stacktrace]
#0 C:\\Users\\ancel\\Documents\\MeusProjetos\\Devventure---TCC\\Devventure-TCC\\Devventure-TCC\\vendor\\laravel\\framework\\src\\Illuminate\\Database\\Connection.php(720): Illuminate\\Database\\Connection->runQueryCallback('select * from `...', Array, Object(Closure))
#1 C:\\Users\\ancel\\Documents\\MeusProjetos\\Devventure---TCC\\Devventure-TCC\\Devventure-TCC\\vendor\\laravel\\framework\\src\\Illuminate\\Database\\Connection.php(405): Illuminate\\Database\\Connection->run('select * from `...', Array, Object(Closure))
#2 C:\\Users\\ancel\\Documents\\MeusProjetos\\Devventure---TCC\\Devventure-TCC\\Devventure-TCC\\vendor\\laravel\\framework\\src\\Illuminate\\Database\\Query\\Builder.php(2705): Illuminate\\Database\\Connection->select('select * from `...', Array, true)
#3 C:\\Users\\ancel\\Documents\\MeusProjetos\\Devventure---TCC\\Devventure-TCC\\Devventure-TCC\\vendor\\laravel\\framework\\src\\Illuminate\\Database\\Query\\Builder.php(2694): Illuminate\\Database\\Query\\Builder->runSelect()
#4 C:\\Users\\ancel\\Documents\\MeusProjetos\\Devventure---TCC\\Devventure-TCC\\Devventure-TCC\\vendor\\laravel\\framework\\src\\Illuminate\\Database\\Query\\Builder.php(3230): Illuminate\\Database\\Query\\Builder->Illuminate\\Database\\Query\\{closure}()
#5 C:\\Users\\ancel\\Documents\\MeusProjetos\\Devventure---TCC\\Devventure-TCC\\Devventure-TCC\\vendor\\laravel\\framework\\src\\Illuminate\\Database\\Query\\Builder.php(2693): Illuminate\\Database\\Query\\Builder->onceWithColumns(Array, Object(Closure))
#6 C:\\Users\\ancel\\Documents\\MeusProjetos\\Devventure---TCC\\Devventure-TCC\\Devventure-TCC\\vendor\\laravel\\framework\\src\\Illuminate\\Database\\Eloquent\\Builder.php(710): Illuminate\\Database\\Query\\Builder->get(Array)
#7 C:\\Users\\ancel\\Documents\\MeusProjetos\\Devventure---TCC\\Devventure-TCC\\Devventure-TCC\\vendor\\laravel\\framework\\src\\Illuminate\\Database\\Eloquent\\Builder.php(694): Illuminate\\Database\\Eloquent\\Builder->getModels(Array)
#8 C:\\Users\\ancel\\Documents\\MeusProjetos\\Devventure---TCC\\Devventure-TCC\\Devventure-TCC\\routes\\web.php(36): Illuminate\\Database\\Eloquent\\Builder->get()
#9 C:\\Users\\ancel\\Documents\\MeusProjetos\\Devventure---TCC\\Devventure-TCC\\Devventure-TCC\\vendor\\laravel\\framework\\src\\Illuminate\\Routing\\CallableDispatcher.php(40): Illuminate\\Routing\\RouteFileRegistrar->{closure}()
#10 C:\\Users\\ancel\\Documents\\MeusProjetos\\Devventure---TCC\\Devventure-TCC\\Devventure-TCC\\vendor\\laravel\\framework\\src\\Illuminate\\Routing\\Route.php(237): Illuminate\\Routing\\CallableDispatcher->dispatch(Object(Illuminate\\Routing\\Route), Object(Closure))
#11 C:\\Users\\ancel\\Documents\\MeusProjetos\\Devventure---TCC\\Devventure-TCC\\Devventure-TCC\\vendor\\laravel\\framework\\src\\Illuminate\\Routing\\Route.php(208): Illuminate\\Routing\\Route->runCallable()
#12 C:\\Users\\ancel\\Documents\\MeusProjetos\\Devventure---TCC\\Devventure-TCC\\Devventure-TCC\\vendor\\laravel\\framework\\src\\Illuminate\\Routing\\Router.php(798): Illuminate\\Routing\\Route->run()
#13 C:\\Users\\ancel\\Documents\\MeusProjetos\\Devventure---TCC\\Devventure-TCC\\Devventure-TCC\\vendor\\laravel\\framework\\src\\Illuminate\\Pipeline\\Pipeline.php(141): Illuminate\\Routing\\Router->Illuminate\\Routing\\{closure}(Object(Illuminate\\Http\\Request))
#14 C:\\Users\\ancel\\Documents\\MeusProjetos\\Devventure---TCC\\Devventure-TCC\\Devventure-TCC\\vendor\\laravel\\framework\\src\\Illuminate\\Routing\\Middleware\\SubstituteBindings.php(50): Illuminate\\Pipeline\\Pipeline->Illuminate\\Pipeline\\{closure}(Object(Illuminate\\Http\\Request))
#15 C:\\Users\\ancel\\Documents\\MeusProjetos\\Devventure---TCC\\Devventure-TCC\\Devventure-TCC\\vendor\\laravel\\framework\\src\\Illuminate\\Pipeline\\Pipeline.php(180): Illuminate\\Routing\\Middleware\\SubstituteBindings->handle(Object(Illuminate\\Http\\Request), Object(Closure))
#16 C:\\Users\\ancel\\Documents\\MeusProjetos\\Devventure---TCC\\Devventure-TCC\\Devventure-TCC\\vendor\\laravel\\framework\\src\\Illuminate\\Foundation\\Http\\Middleware\\VerifyCsrfToken.php(78): Illuminate\\Pipeline\\Pipeline->Illuminate\\Pipeline\\{closure}(Object(Illuminate\\Http\\Request))
#17 C:\\Users\\ancel\\Documents\\MeusProjetos\\Devventure---TCC\\Devventure-TCC\\Devventure-TCC\\vendor\\laravel\\framework\\src\\Illuminate\\Pipeline\\Pipeline.php(180): Illuminate\\Foundation\\Http\\Middleware\\VerifyCsrfToken->handle(Object(Illuminate\\Http\\Request), Object(Closure))
#18 C:\\Users\\ancel\\Documents\\MeusProjetos\\Devventure---TCC\\Devventure-TCC\\Devventure-TCC\\vendor\\laravel\\framework\\src\\Illuminate\\View\\Middleware\\ShareErrorsFromSession.php(49): Illuminate\\Pipeline\\Pipeline->Illuminate\\Pipeline\\{closure}(Object(Illuminate\\Http\\Request))
#19 C:\\Users\\ancel\\Documents\\MeusProjetos\\Devventure---TCC\\Devventure-TCC\\Devventure-TCC\\vendor\\laravel\\framework\\src\\Illuminate\\Pipeline\\Pipeline.php(180): Illuminate\\View\\Middleware\\ShareErrorsFromSession->handle(Object(Illuminate\\Http\\Request), Object(Closure))
#20 C:\\Users\\ancel\\Documents\\MeusProjetos\\Devventure---TCC\\Devventure-TCC\\Devventure-TCC\\vendor\\laravel\\framework\\src\\Illuminate\\Session\\Middleware\\StartSession.php(121): Illuminate\\Pipeline\\Pipeline->Illuminate\\Pipeline\\{closure}(Object(Illuminate\\Http\\Request))
#21 C:\\Users\\ancel\\Documents\\MeusProjetos\\Devventure---TCC\\Devventure-TCC\\Devventure-TCC\\vendor\\laravel\\framework\\src\\Illuminate\\Session\\Middleware\\StartSession.php(64): Illuminate\\Session\\Middleware\\StartSession->handleStatefulRequest(Object(Illuminate\\Http\\Request), Object(Illuminate\\Session\\Store), Object(Closure))
#22 C:\\Users\\ancel\\Documents\\MeusProjetos\\Devventure---TCC\\Devventure-TCC\\Devventure-TCC\\vendor\\laravel\\framework\\src\\Illuminate\\Pipeline\\Pipeline.php(180): Illuminate\\Session\\Middleware\\StartSession->handle(Object(Illuminate\\Http\\Request), Object(Closure))
#23 C:\\Users\\ancel\\Documents\\MeusProjetos\\Devventure---TCC\\Devventure-TCC\\Devventure-TCC\\vendor\\laravel\\framework\\src\\Illuminate\\Cookie\\Middleware\\AddQueuedCookiesToResponse.php(37): Illuminate\\Pipeline\\Pipeline->Illuminate\\Pipeline\\{closure}(Object(Illuminate\\Http\\Request))
#24 C:\\Users\\ancel\\Documents\\MeusProjetos\\Devventure---TCC\\Devventure-TCC\\Devventure-TCC\\vendor\\laravel\\framework\\src\\Illuminate\\Pipeline\\Pipeline.php(180): Illuminate\\Cookie\\Middleware\\AddQueuedCookiesToResponse->handle(Object(Illuminate\\Http\\Request), Object(Closure))
#25 C:\\Users\\ancel\\Documents\\MeusProjetos\\Devventure---TCC\\Devventure-TCC\\Devventure-TCC\\vendor\\laravel\\framework\\src\\Illuminate\\Cookie\\Middleware\\EncryptCookies.php(67): Illuminate\\Pipeline\\Pipeline->Illuminate\\Pipeline\\{closure}(Object(Illuminate\\Http\\Request))
#26 C:\\Users\\ancel\\Documents\\MeusProjetos\\Devventure---TCC\\Devventure-TCC\\Devventure-TCC\\vendor\\laravel\\framework\\src\\Illuminate\\Pipeline\\Pipeline.php(180): Illuminate\\Cookie\\Middleware\\EncryptCookies->handle(Object(Illuminate\\Http\\Request), Object(Closure))
#27 C:\\Users\\ancel\\Documents\\MeusProjetos\\Devventure---TCC\\Devventure-TCC\\Devventure-TCC\\vendor\\laravel\\framework\\src\\Illuminate\\Pipeline\\Pipeline.php(116): Illuminate\\Pipeline\\Pipeline->Illuminate\\Pipeline\\{closure}(Object(Illuminate\\Http\\Request))
#28 C:\\Users\\ancel\\Documents\\MeusProjetos\\Devventure---TCC\\Devventure-TCC\\Devventure-TCC\\vendor\\laravel\\framework\\src\\Illuminate\\Routing\\Router.php(797): Illuminate\\Pipeline\\Pipeline->then(Object(Closure))
#29 C:\\Users\\ancel\\Documents\\MeusProjetos\\Devventure---TCC\\Devventure-TCC\\Devventure-TCC\\vendor\\laravel\\framework\\src\\Illuminate\\Routing\\Router.php(776): Illuminate\\Routing\\Router->runRouteWithinStack(Object(Illuminate\\Routing\\Route), Object(Illuminate\\Http\\Request))
#30 C:\\Users\\ancel\\Documents\\MeusProjetos\\Devventure---TCC\\Devventure-TCC\\Devventure-TCC\\vendor\\laravel\\framework\\src\\Illuminate\\Routing\\Router.php(740): Illuminate\\Routing\\Router->runRoute(Object(Illuminate\\Http\\Request), Object(Illuminate\\Routing\\Route))
#31 C:\\Users\\ancel\\Documents\\MeusProjetos\\Devventure---TCC\\Devventure-TCC\\Devventure-TCC\\vendor\\laravel\\framework\\src\\Illuminate\\Routing\\Router.php(729): Illuminate\\Routing\\Router->dispatchToRoute(Object(Illuminate\\Http\\Request))
#32 C:\\Users\\ancel\\Documents\\MeusProjetos\\Devventure---TCC\\Devventure-TCC\\Devventure-TCC\\vendor\\laravel\\framework\\src\\Illuminate\\Foundation\\Http\\Kernel.php(190): Illuminate\\Routing\\Router->dispatch(Object(Illuminate\\Http\\Request))
#33 C:\\Users\\ancel\\Documents\\MeusProjetos\\Devventure---TCC\\Devventure-TCC\\Devventure-TCC\\vendor\\laravel\\framework\\src\\Illuminate\\Pipeline\\Pipeline.php(141): Illuminate\\Foundation\\Http\\Kernel->Illuminate\\Foundation\\Http\\{closure}(Object(Illuminate\\Http\\Request))
#34 C:\\Users\\ancel\\Documents\\MeusProjetos\\Devventure---TCC\\Devventure-TCC\\Devventure-TCC\\vendor\\laravel\\framework\\src\\Illuminate\\Foundation\\Http\\Middleware\\TransformsRequest.php(21): Illuminate\\Pipeline\\Pipeline->Illuminate\\Pipeline\\{closure}(Object(Illuminate\\Http\\Request))
#35 C:\\Users\\ancel\\Documents\\MeusProjetos\\Devventure---TCC\\Devventure-TCC\\Devventure-TCC\\vendor\\laravel\\framework\\src\\Illuminate\\Foundation\\Http\\Middleware\\ConvertEmptyStringsToNull.php(31): Illuminate\\Foundation\\Http\\Middleware\\TransformsRequest->handle(Object(Illuminate\\Http\\Request), Object(Closure))
#36 C:\\Users\\ancel\\Documents\\MeusProjetos\\Devventure---TCC\\Devventure-TCC\\Devventure-TCC\\vendor\\laravel\\framework\\src\\Illuminate\\Pipeline\\Pipeline.php(180): Illuminate\\Foundation\\Http\\Middleware\\ConvertEmptyStringsToNull->handle(Object(Illuminate\\Http\\Request), Object(Closure))
#37 C:\\Users\\ancel\\Documents\\MeusProjetos\\Devventure---TCC\\Devventure-TCC\\Devventure-TCC\\vendor\\laravel\\framework\\src\\Illuminate\\Foundation\\Http\\Middleware\\TransformsRequest.php(21): Illuminate\\Pipeline\\Pipeline->Illuminate\\Pipeline\\{closure}(Object(Illuminate\\Http\\Request))
#38 C:\\Users\\ancel\\Documents\\MeusProjetos\\Devventure---TCC\\Devventure-TCC\\Devventure-TCC\\vendor\\laravel\\framework\\src\\Illuminate\\Foundation\\Http\\Middleware\\TrimStrings.php(40): Illuminate\\Foundation\\Http\\Middleware\\TransformsRequest->handle(Object(Illuminate\\Http\\Request), Object(Closure))
#39 C:\\Users\\ancel\\Documents\\MeusProjetos\\Devventure---TCC\\Devventure-TCC\\Devventure-TCC\\vendor\\laravel\\framework\\src\\Illuminate\\Pipeline\\Pipeline.php(180): Illuminate\\Foundation\\Http\\Middleware\\TrimStrings->handle(Object(Illuminate\\Http\\Request), Object(Closure))
#40 C:\\Users\\ancel\\Documents\\MeusProjetos\\Devventure---TCC\\Devventure-TCC\\Devventure-TCC\\vendor\\laravel\\framework\\src\\Illuminate\\Foundation\\Http\\Middleware\\ValidatePostSize.php(27): Illuminate\\Pipeline\\Pipeline->Illuminate\\Pipeline\\{closure}(Object(Illuminate\\Http\\Request))
#41 C:\\Users\\ancel\\Documents\\MeusProjetos\\Devventure---TCC\\Devventure-TCC\\Devventure-TCC\\vendor\\laravel\\framework\\src\\Illuminate\\Pipeline\\Pipeline.php(180): Illuminate\\Foundation\\Http\\Middleware\\ValidatePostSize->handle(Object(Illuminate\\Http\\Request), Object(Closure))
#42 C:\\Users\\ancel\\Documents\\MeusProjetos\\Devventure---TCC\\Devventure-TCC\\Devventure-TCC\\vendor\\laravel\\framework\\src\\Illuminate\\Foundation\\Http\\Middleware\\PreventRequestsDuringMaintenance.php(86): Illuminate\\Pipeline\\Pipeline->Illuminate\\Pipeline\\{closure}(Object(Illuminate\\Http\\Request))
#43 C:\\Users\\ancel\\Documents\\MeusProjetos\\Devventure---TCC\\Devventure-TCC\\Devventure-TCC\\vendor\\laravel\\framework\\src\\Illuminate\\Pipeline\\Pipeline.php(180): Illuminate\\Foundation\\Http\\Middleware\\PreventRequestsDuringMaintenance->handle(Object(Illuminate\\Http\\Request), Object(Closure))
#44 C:\\Users\\ancel\\Documents\\MeusProjetos\\Devventure---TCC\\Devventure-TCC\\Devventure-TCC\\vendor\\laravel\\framework\\src\\Illuminate\\Http\\Middleware\\HandleCors.php(49): Illuminate\\Pipeline\\Pipeline->Illuminate\\Pipeline\\{closure}(Object(Illuminate\\Http\\Request))
#45 C:\\Users\\ancel\\Documents\\MeusProjetos\\Devventure---TCC\\Devventure-TCC\\Devventure-TCC\\vendor\\laravel\\framework\\src\\Illuminate\\Pipeline\\Pipeline.php(180): Illuminate\\Http\\Middleware\\HandleCors->handle(Object(Illuminate\\Http\\Request), Object(Closure))
#46 C:\\Users\\ancel\\Documents\\MeusProjetos\\Devventure---TCC\\Devventure-TCC\\Devventure-TCC\\vendor\\laravel\\framework\\src\\Illuminate\\Http\\Middleware\\TrustProxies.php(39): Illuminate\\Pipeline\\Pipeline->Illuminate\\Pipeline\\{closure}(Object(Illuminate\\Http\\Request))
#47 C:\\Users\\ancel\\Documents\\MeusProjetos\\Devventure---TCC\\Devventure-TCC\\Devventure-TCC\\vendor\\laravel\\framework\\src\\Illuminate\\Pipeline\\Pipeline.php(180): Illuminate\\Http\\Middleware\\TrustProxies->handle(Object(Illuminate\\Http\\Request), Object(Closure))
#48 C:\\Users\\ancel\\Documents\\MeusProjetos\\Devventure---TCC\\Devventure-TCC\\Devventure-TCC\\vendor\\laravel\\framework\\src\\Illuminate\\Pipeline\\Pipeline.php(116): Illuminate\\Pipeline\\Pipeline->Illuminate\\Pipeline\\{closure}(Object(Illuminate\\Http\\Request))
#49 C:\\Users\\ancel\\Documents\\MeusProjetos\\Devventure---TCC\\Devventure-TCC\\Devventure-TCC\\vendor\\laravel\\framework\\src\\Illuminate\\Foundation\\Http\\Kernel.php(165): Illuminate\\Pipeline\\Pipeline->then(Object(Closure))
#50 C:\\Users\\ancel\\Documents\\MeusProjetos\\Devventure---TCC\\Devventure-TCC\\Devventure-TCC\\vendor\\laravel\\framework\\src\\Illuminate\\Foundation\\Http\\Kernel.php(134): Illuminate\\Foundation\\Http\\Kernel->sendRequestThroughRouter(Object(Illuminate\\Http\\Request))
#51 C:\\Users\\ancel\\Documents\\MeusProjetos\\Devventure---TCC\\Devventure-TCC\\Devventure-TCC\\public\\index.php(51): Illuminate\\Foundation\\Http\\Kernel->handle(Object(Illuminate\\Http\\Request))
#52 C:\\Users\\ancel\\Documents\\MeusProjetos\\Devventure---TCC\\Devventure-TCC\\Devventure-TCC\\vendor\\laravel\\framework\\src\\Illuminate\\Foundation\\resources\\server.php(16): require_once('C:\\\\Users\\\\ancel\\\\...')
#53 {main}

[previous exception] [object] (PDOException(code: 2002): SQLSTATE[HY000] [2002] Nenhuma conexão pôde ser feita porque a máquina de destino as recusou ativamente at C:\\Users\\ancel\\Documents\\MeusProjetos\\Devventure---TCC\\Devventure-TCC\\Devventure-TCC\\vendor\\laravel\\framework\\src\\Illuminate\\Database\\Connectors\\Connector.php:70)
[stacktrace]
#0 C:\\Users\\ancel\\Documents\\MeusProjetos\\Devventure---TCC\\Devventure-TCC\\Devventure-TCC\\vendor\\laravel\\framework\\src\\Illuminate\\Database\\Connectors\\Connector.php(70): PDO->__construct('mysql:host=127....', 'root', Object(SensitiveParameterValue), Array)
#1 C:\\Users\\ancel\\Documents\\MeusProjetos\\Devventure---TCC\\Devventure-TCC\\Devventure-TCC\\vendor\\laravel\\framework\\src\\Illuminate\\Database\\Connectors\\Connector.php(45): Illuminate\\Database\\Connectors\\Connector->createPdoConnection('mysql:host=127....', 'root', '', Array)
#2 C:\\Users\\ancel\\Documents\\MeusProjetos\\Devventure---TCC\\Devventure-TCC\\Devventure-TCC\\vendor\\laravel\\framework\\src\\Illuminate\\Database\\Connectors\\MySqlConnector.php(24): Illuminate\\Database\\Connectors\\Connector->createConnection('mysql:host=127....', Array, Array)
#3 C:\\Users\\ancel\\Documents\\MeusProjetos\\Devventure---TCC\\Devventure-TCC\\Devventure-TCC\\vendor\\laravel\\framework\\src\\Illuminate\\Database\\Connectors\\ConnectionFactory.php(184): Illuminate\\Database\\Connectors\\MySqlConnector->connect(Array)
#4 [internal function]: Illuminate\\Database\\Connectors\\ConnectionFactory->Illuminate\\Database\\Connectors\\{closure}()
#5 C:\\Users\\ancel\\Documents\\MeusProjetos\\Devventure---TCC\\Devventure-TCC\\Devventure-TCC\\vendor\\laravel\\framework\\src\\Illuminate\\Database\\Connection.php(1181): call_user_func(Object(Closure))
#6 C:\\Users\\ancel\\Documents\\MeusProjetos\\Devventure---TCC\\Devventure-TCC\\Devventure-TCC\\vendor\\laravel\\framework\\src\\Illuminate\\Database\\Connection.php(1217): Illuminate\\Database\\Connection->getPdo()
#7 C:\\Users\\ancel\\Documents\\MeusProjetos\\Devventure---TCC\\Devventure-TCC\\Devventure-TCC\\vendor\\laravel\\framework\\src\\Illuminate\\Database\\Connection.php(486): Illuminate\\Database\\Connection->getReadPdo()
#8 C:\\Users\\ancel\\Documents\\MeusProjetos\\Devventure---TCC\\Devventure-TCC\\Devventure-TCC\\vendor\\laravel\\framework\\src\\Illuminate\\Database\\Connection.php(414): Illuminate\\Database\\Connection->getPdoForSelect(true)
#9 C:\\Users\\ancel\\Documents\\MeusProjetos\\Devventure---TCC\\Devventure-TCC\\Devventure-TCC\\vendor\\laravel\\framework\\src\\Illuminate\\Database\\Connection.php(753): Illuminate\\Database\\Connection->Illuminate\\Database\\{closure}('select * from `...', Array)
#10 C:\\Users\\ancel\\Documents\\MeusProjetos\\Devventure---TCC\\Devventure-TCC\\Devventure-TCC\\vendor\\laravel\\framework\\src\\Illuminate\\Database\\Connection.php(720): Illuminate\\Database\\Connection->runQueryCallback('select * from `...', Array, Object(Closure))
#11 C:\\Users\\ancel\\Documents\\MeusProjetos\\Devventure---TCC\\Devventure-TCC\\Devventure-TCC\\vendor\\laravel\\framework\\src\\Illuminate\\Database\\Connection.php(405): Illuminate\\Database\\Connection->run('select * from `...', Array, Object(Closure))
#12 C:\\Users\\ancel\\Documents\\MeusProjetos\\Devventure---TCC\\Devventure-TCC\\Devventure-TCC\\vendor\\laravel\\framework\\src\\Illuminate\\Database\\Query\\Builder.php(2705): Illuminate\\Database\\Connection->select('select * from `...', Array, true)
#13 C:\\Users\\ancel\\Documents\\MeusProjetos\\Devventure---TCC\\Devventure-TCC\\Devventure-TCC\\vendor\\laravel\\framework\\src\\Illuminate\\Database\\Query\\Builder.php(2694): Illuminate\\Database\\Query\\Builder->runSelect()
#14 C:\\Users\\ancel\\Documents\\MeusProjetos\\Devventure---TCC\\Devventure-TCC\\Devventure-TCC\\vendor\\laravel\\framework\\src\\Illuminate\\Database\\Query\\Builder.php(3230): Illuminate\\Database\\Query\\Builder->Illuminate\\Database\\Query\\{closure}()
#15 C:\\Users\\ancel\\Documents\\MeusProjetos\\Devventure---TCC\\Devventure-TCC\\Devventure-TCC\\vendor\\laravel\\framework\\src\\Illuminate\\Database\\Query\\Builder.php(2693): Illuminate\\Database\\Query\\Builder->onceWithColumns(Array, Object(Closure))
#16 C:\\Users\\ancel\\Documents\\MeusProjetos\\Devventure---TCC\\Devventure-TCC\\Devventure-TCC\\vendor\\laravel\\framework\\src\\Illuminate\\Database\\Eloquent\\Builder.php(710): Illuminate\\Database\\Query\\Builder->get(Array)
#17 C:\\Users\\ancel\\Documents\\MeusProjetos\\Devventure---TCC\\Devventure-TCC\\Devventure-TCC\\vendor\\laravel\\framework\\src\\Illuminate\\Database\\Eloquent\\Builder.php(694): Illuminate\\Database\\Eloquent\\Builder->getModels(Array)
#18 C:\\Users\\ancel\\Documents\\MeusProjetos\\Devventure---TCC\\Devventure-TCC\\Devventure-TCC\\routes\\web.php(36): Illuminate\\Database\\Eloquent\\Builder->get()
#19 C:\\Users\\ancel\\Documents\\MeusProjetos\\Devventure---TCC\\Devventure-TCC\\Devventure-TCC\\vendor\\laravel\\framework\\src\\Illuminate\\Routing\\CallableDispatcher.php(40): Illuminate\\Routing\\RouteFileRegistrar->{closure}()
#20 C:\\Users\\ancel\\Documents\\MeusProjetos\\Devventure---TCC\\Devventure-TCC\\Devventure-TCC\\vendor\\laravel\\framework\\src\\Illuminate\\Routing\\Route.php(237): Illuminate\\Routing\\CallableDispatcher->dispatch(Object(Illuminate\\Routing\\Route), Object(Closure))
#21 C:\\Users\\ancel\\Documents\\MeusProjetos\\Devventure---TCC\\Devventure-TCC\\Devventure-TCC\\vendor\\laravel\\framework\\src\\Illuminate\\Routing\\Route.php(208): Illuminate\\Routing\\Route->runCallable()
#22 C:\\Users\\ancel\\Documents\\MeusProjetos\\Devventure---TCC\\Devventure-TCC\\Devventure-TCC\\vendor\\laravel\\framework\\src\\Illuminate\\Routing\\Router.php(798): Illuminate\\Routing\\Route->run()
#23 C:\\Users\\ancel\\Documents\\MeusProjetos\\Devventure---TCC\\Devventure-TCC\\Devventure-TCC\\vendor\\laravel\\framework\\src\\Illuminate\\Pipeline\\Pipeline.php(141): Illuminate\\Routing\\Router->Illuminate\\Routing\\{closure}(Object(Illuminate\\Http\\Request))
#24 C:\\Users\\ancel\\Documents\\MeusProjetos\\Devventure---TCC\\Devventure-TCC\\Devventure-TCC\\vendor\\laravel\\framework\\src\\Illuminate\\Routing\\Middleware\\SubstituteBindings.php(50): Illuminate\\Pipeline\\Pipeline->Illuminate\\Pipeline\\{closure}(Object(Illuminate\\Http\\Request))
#25 C:\\Users\\ancel\\Documents\\MeusProjetos\\Devventure---TCC\\Devventure-TCC\\Devventure-TCC\\vendor\\laravel\\framework\\src\\Illuminate\\Pipeline\\Pipeline.php(180): Illuminate\\Routing\\Middleware\\SubstituteBindings->handle(Object(Illuminate\\Http\\Request), Object(Closure))
#26 C:\\Users\\ancel\\Documents\\MeusProjetos\\Devventure---TCC\\Devventure-TCC\\Devventure-TCC\\vendor\\laravel\\framework\\src\\Illuminate\\Foundation\\Http\\Middleware\\VerifyCsrfToken.php(78): Illuminate\\Pipeline\\Pipeline->Illuminate\\Pipeline\\{closure}(Object(Illuminate\\Http\\Request))
#27 C:\\Users\\ancel\\Documents\\MeusProjetos\\Devventure---TCC\\Devventure-TCC\\Devventure-TCC\\vendor\\laravel\\framework\\src\\Illuminate\\Pipeline\\Pipeline.php(180): Illuminate\\Foundation\\Http\\Middleware\\VerifyCsrfToken->handle(Object(Illuminate\\Http\\Request), Object(Closure))
#28 C:\\Users\\ancel\\Documents\\MeusProjetos\\Devventure---TCC\\Devventure-TCC\\Devventure-TCC\\vendor\\laravel\\framework\\src\\Illuminate\\View\\Middleware\\ShareErrorsFromSession.php(49): Illuminate\\Pipeline\\Pipeline->Illuminate\\Pipeline\\{closure}(Object(Illuminate\\Http\\Request))
#29 C:\\Users\\ancel\\Documents\\MeusProjetos\\Devventure---TCC\\Devventure-TCC\\Devventure-TCC\\vendor\\laravel\\framework\\src\\Illuminate\\Pipeline\\Pipeline.php(180): Illuminate\\View\\Middleware\\ShareErrorsFromSession->handle(Object(Illuminate\\Http\\Request), Object(Closure))
#30 C:\\Users\\ancel\\Documents\\MeusProjetos\\Devventure---TCC\\Devventure-TCC\\Devventure-TCC\\vendor\\laravel\\framework\\src\\Illuminate\\Session\\Middleware\\StartSession.php(121): Illuminate\\Pipeline\\Pipeline->Illuminate\\Pipeline\\{closure}(Object(Illuminate\\Http\\Request))
#31 C:\\Users\\ancel\\Documents\\MeusProjetos\\Devventure---TCC\\Devventure-TCC\\Devventure-TCC\\vendor\\laravel\\framework\\src\\Illuminate\\Session\\Middleware\\StartSession.php(64): Illuminate\\Session\\Middleware\\StartSession->handleStatefulRequest(Object(Illuminate\\Http\\Request), Object(Illuminate\\Session\\Store), Object(Closure))
#32 C:\\Users\\ancel\\Documents\\MeusProjetos\\Devventure---TCC\\Devventure-TCC\\Devventure-TCC\\vendor\\laravel\\framework\\src\\Illuminate\\Pipeline\\Pipeline.php(180): Illuminate\\Session\\Middleware\\StartSession->handle(Object(Illuminate\\Http\\Request), Object(Closure))
#33 C:\\Users\\ancel\\Documents\\MeusProjetos\\Devventure---TCC\\Devventure-TCC\\Devventure-TCC\\vendor\\laravel\\framework\\src\\Illuminate\\Cookie\\Middleware\\AddQueuedCookiesToResponse.php(37): Illuminate\\Pipeline\\Pipeline->Illuminate\\Pipeline\\{closure}(Object(Illuminate\\Http\\Request))
#34 C:\\Users\\ancel\\Documents\\MeusProjetos\\Devventure---TCC\\Devventure-TCC\\Devventure-TCC\\vendor\\laravel\\framework\\src\\Illuminate\\Pipeline\\Pipeline.php(180): Illuminate\\Cookie\\Middleware\\AddQueuedCookiesToResponse->handle(Object(Illuminate\\Http\\Request), Object(Closure))
#35 C:\\Users\\ancel\\Documents\\MeusProjetos\\Devventure---TCC\\Devventure-TCC\\Devventure-TCC\\vendor\\laravel\\framework\\src\\Illuminate\\Cookie\\Middleware\\EncryptCookies.php(67): Illuminate\\Pipeline\\Pipeline->Illuminate\\Pipeline\\{closure}(Object(Illuminate\\Http\\Request))
#36 C:\\Users\\ancel\\Documents\\MeusProjetos\\Devventure---TCC\\Devventure-TCC\\Devventure-TCC\\vendor\\laravel\\framework\\src\\Illuminate\\Pipeline\\Pipeline.php(180): Illuminate\\Cookie\\Middleware\\EncryptCookies->handle(Object(Illuminate\\Http\\Request), Object(Closure))
#37 C:\\Users\\ancel\\Documents\\MeusProjetos\\Devventure---TCC\\Devventure-TCC\\Devventure-TCC\\vendor\\laravel\\framework\\src\\Illuminate\\Pipeline\\Pipeline.php(116): Illuminate\\Pipeline\\Pipeline->Illuminate\\Pipeline\\{closure}(Object(Illuminate\\Http\\Request))
#38 C:\\Users\\ancel\\Documents\\MeusProjetos\\Devventure---TCC\\Devventure-TCC\\Devventure-TCC\\vendor\\laravel\\framework\\src\\Illuminate\\Routing\\Router.php(797): Illuminate\\Pipeline\\Pipeline->then(Object(Closure))
#39 C:\\Users\\ancel\\Documents\\MeusProjetos\\Devventure---TCC\\Devventure-TCC\\Devventure-TCC\\vendor\\laravel\\framework\\src\\Illuminate\\Routing\\Router.php(776): Illuminate\\Routing\\Router->runRouteWithinStack(Object(Illuminate\\Routing\\Route), Object(Illuminate\\Http\\Request))
#40 C:\\Users\\ancel\\Documents\\MeusProjetos\\Devventure---TCC\\Devventure-TCC\\Devventure-TCC\\vendor\\laravel\\framework\\src\\Illuminate\\Routing\\Router.php(740): Illuminate\\Routing\\Router->runRoute(Object(Illuminate\\Http\\Request), Object(Illuminate\\Routing\\Route))
#41 C:\\Users\\ancel\\Documents\\MeusProjetos\\Devventure---TCC\\Devventure-TCC\\Devventure-TCC\\vendor\\laravel\\framework\\src\\Illuminate\\Routing\\Router.php(729): Illuminate\\Routing\\Router->dispatchToRoute(Object(Illuminate\\Http\\Request))
#42 C:\\Users\\ancel\\Documents\\MeusProjetos\\Devventure---TCC\\Devventure-TCC\\Devventure-TCC\\vendor\\laravel\\framework\\src\\Illuminate\\Foundation\\Http\\Kernel.php(190): Illuminate\\Routing\\Router->dispatch(Object(Illuminate\\Http\\Request))
#43 C:\\Users\\ancel\\Documents\\MeusProjetos\\Devventure---TCC\\Devventure-TCC\\Devventure-TCC\\vendor\\laravel\\framework\\src\\Illuminate\\Pipeline\\Pipeline.php(141): Illuminate\\Foundation\\Http\\Kernel->Illuminate\\Foundation\\Http\\{closure}(Object(Illuminate\\Http\\Request))
#44 C:\\Users\\ancel\\Documents\\MeusProjetos\\Devventure---TCC\\Devventure-TCC\\Devventure-TCC\\vendor\\laravel\\framework\\src\\Illuminate\\Foundation\\Http\\Middleware\\TransformsRequest.php(21): Illuminate\\Pipeline\\Pipeline->Illuminate\\Pipeline\\{closure}(Object(Illuminate\\Http\\Request))
#45 C:\\Users\\ancel\\Documents\\MeusProjetos\\Devventure---TCC\\Devventure-TCC\\Devventure-TCC\\vendor\\laravel\\framework\\src\\Illuminate\\Foundation\\Http\\Middleware\\ConvertEmptyStringsToNull.php(31): Illuminate\\Foundation\\Http\\Middleware\\TransformsRequest->handle(Object(Illuminate\\Http\\Request), Object(Closure))
#46 C:\\Users\\ancel\\Documents\\MeusProjetos\\Devventure---TCC\\Devventure-TCC\\Devventure-TCC\\vendor\\laravel\\framework\\src\\Illuminate\\Pipeline\\Pipeline.php(180): Illuminate\\Foundation\\Http\\Middleware\\ConvertEmptyStringsToNull->handle(Object(Illuminate\\Http\\Request), Object(Closure))
#47 C:\\Users\\ancel\\Documents\\MeusProjetos\\Devventure---TCC\\Devventure-TCC\\Devventure-TCC\\vendor\\laravel\\framework\\src\\Illuminate\\Foundation\\Http\\Middleware\\TransformsRequest.php(21): Illuminate\\Pipeline\\Pipeline->Illuminate\\Pipeline\\{closure}(Object(Illuminate\\Http\\Request))
#48 C:\\Users\\ancel\\Documents\\MeusProjetos\\Devventure---TCC\\Devventure-TCC\\Devventure-TCC\\vendor\\laravel\\framework\\src\\Illuminate\\Foundation\\Http\\Middleware\\TrimStrings.php(40): Illuminate\\Foundation\\Http\\Middleware\\TransformsRequest->handle(Object(Illuminate\\Http\\Request), Object(Closure))
#49 C:\\Users\\ancel\\Documents\\MeusProjetos\\Devventure---TCC\\Devventure-TCC\\Devventure-TCC\\vendor\\laravel\\framework\\src\\Illuminate\\Pipeline\\Pipeline.php(180): Illuminate\\Foundation\\Http\\Middleware\\TrimStrings->handle(Object(Illuminate\\Http\\Request), Object(Closure))
#50 C:\\Users\\ancel\\Documents\\MeusProjetos\\Devventure---TCC\\Devventure-TCC\\Devventure-TCC\\vendor\\laravel\\framework\\src\\Illuminate\\Foundation\\Http\\Middleware\\ValidatePostSize.php(27): Illuminate\\Pipeline\\Pipeline->Illuminate\\Pipeline\\{closure}(Object(Illuminate\\Http\\Request))
#51 C:\\Users\\ancel\\Documents\\MeusProjetos\\Devventure---TCC\\Devventure-TCC\\Devventure-TCC\\vendor\\laravel\\framework\\src\\Illuminate\\Pipeline\\Pipeline.php(180): Illuminate\\Foundation\\Http\\Middleware\\ValidatePostSize->handle(Object(Illuminate\\Http\\Request), Object(Closure))
#52 C:\\Users\\ancel\\Documents\\MeusProjetos\\Devventure---TCC\\Devventure-TCC\\Devventure-TCC\\vendor\\laravel\\framework\\src\\Illuminate\\Foundation\\Http\\Middleware\\PreventRequestsDuringMaintenance.php(86): Illuminate\\Pipeline\\Pipeline->Illuminate\\Pipeline\\{closure}(Object(Illuminate\\Http\\Request))
#53 C:\\Users\\ancel\\Documents\\MeusProjetos\\Devventure---TCC\\Devventure-TCC\\Devventure-TCC\\vendor\\laravel\\framework\\src\\Illuminate\\Pipeline\\Pipeline.php(180): Illuminate\\Foundation\\Http\\Middleware\\PreventRequestsDuringMaintenance->handle(Object(Illuminate\\Http\\Request), Object(Closure))
#54 C:\\Users\\ancel\\Documents\\MeusProjetos\\Devventure---TCC\\Devventure-TCC\\Devventure-TCC\\vendor\\laravel\\framework\\src\\Illuminate\\Http\\Middleware\\HandleCors.php(49): Illuminate\\Pipeline\\Pipeline->Illuminate\\Pipeline\\{closure}(Object(Illuminate\\Http\\Request))
#55 C:\\Users\\ancel\\Documents\\MeusProjetos\\Devventure---TCC\\Devventure-TCC\\Devventure-TCC\\vendor\\laravel\\framework\\src\\Illuminate\\Pipeline\\Pipeline.php(180): Illuminate\\Http\\Middleware\\HandleCors->handle(Object(Illuminate\\Http\\Request), Object(Closure))
#56 C:\\Users\\ancel\\Documents\\MeusProjetos\\Devventure---TCC\\Devventure-TCC\\Devventure-TCC\\vendor\\laravel\\framework\\src\\Illuminate\\Http\\Middleware\\TrustProxies.php(39): Illuminate\\Pipeline\\Pipeline->Illuminate\\Pipeline\\{closure}(Object(Illuminate\\Http\\Request))
#57 C:\\Users\\ancel\\Documents\\MeusProjetos\\Devventure---TCC\\Devventure-TCC\\Devventure-TCC\\vendor\\laravel\\framework\\src\\Illuminate\\Pipeline\\Pipeline.php(180): Illuminate\\Http\\Middleware\\TrustProxies->handle(Object(Illuminate\\Http\\Request), Object(Closure))
#58 C:\\Users\\ancel\\Documents\\MeusProjetos\\Devventure---TCC\\Devventure-TCC\\Devventure-TCC\\vendor\\laravel\\framework\\src\\Illuminate\\Pipeline\\Pipeline.php(116): Illuminate\\Pipeline\\Pipeline->Illuminate\\Pipeline\\{closure}(Object(Illuminate\\Http\\Request))
#59 C:\\Users\\ancel\\Documents\\MeusProjetos\\Devventure---TCC\\Devventure-TCC\\Devventure-TCC\\vendor\\laravel\\framework\\src\\Illuminate\\Foundation\\Http\\Kernel.php(165): Illuminate\\Pipeline\\Pipeline->then(Object(Closure))
#60 C:\\Users\\ancel\\Documents\\MeusProjetos\\Devventure---TCC\\Devventure-TCC\\Devventure-TCC\\vendor\\laravel\\framework\\src\\Illuminate\\Foundation\\Http\\Kernel.php(134): Illuminate\\Foundation\\Http\\Kernel->sendRequestThroughRouter(Object(Illuminate\\Http\\Request))
#61 C:\\Users\\ancel\\Documents\\MeusProjetos\\Devventure---TCC\\Devventure-TCC\\Devventure-TCC\\public\\index.php(51): Illuminate\\Foundation\\Http\\Kernel->handle(Object(Illuminate\\Http\\Request))
#62 C:\\Users\\ancel\\Documents\\MeusProjetos\\Devventure---TCC\\Devventure-TCC\\Devventure-TCC\\vendor\\laravel\\framework\\src\\Illuminate\\Foundation\\resources\\server.php(16): require_once('C:\\\\Users\\\\ancel\\\\...')
#63 {main}
"} 
